c
c This is glucose-syrup 4.0 (glucose in many threads) --  based on MiniSAT (Many thanks to MiniSAT team)
c
c WARNING: for repeatability, setting FPU to use double precision
c ========================================[ Problem Statistics ]===========================================
c |                                                                                                       |
c |  Number of variables:          4328                                                                   |
c |  Number of clauses:          462645                                                                   |
c |  Parse time:                   0.18 s                                                                 |
c |                                                                                                       |
c |  Eliminated clauses:           0.00 Mb                                                                |
c |  Simplification time:          3.43 s                                                                 |
c |                                                                                                       |
c |  Automatic Adjustement of the number of solvers. MaxMemory=20000, MaxCores= 32.                       |
c |  One Solver is taking 57.67Mb... Let's take 32 solvers for this run (max 40% of the maxmemory).       |
c |  Generating clones                                                                                    |
c |  all clones generated. Memory = 1003.13Mb.                                                             |
c ========================================================================================================|
c last restart ## conflicts  :  308 84 
c Thread 28 is 100% pure glucose! First thread to finish! (SAT answer).
c Total Memory so far : 3378.07Mb
c
c real time : 6.19437 s
c cpu time  : 33.2854 s
c
c
c
c |---------------------------------------- FINAL STATS --------------------------------------------------|
c
c |---------------|-----------------|------------|------------|------------|------------|------------|------------|------------|------------|------------|------------|------------|------------|------------|------------|------------|------------|------------|------------|------------|------------|------------|------------|------------|------------|------------|------------|------------|------------|------------|------------|------------|------------|
c | Threads       |      Total      |          0 |          1 |          2 |          3 |          4 |          5 |          6 |          7 |          8 |          9 |         10 |         11 |         12 |         13 |         14 |         15 |         16 |         17 |         18 |         19 |         20 |         21 |         22 |         23 |         24 |         25 |         26 |         27 |         28 |         29 |         30 |         31 |
c |---------------|-----------------|------------|------------|------------|------------|------------|------------|------------|------------|------------|------------|------------|------------|------------|------------|------------|------------|------------|------------|------------|------------|------------|------------|------------|------------|------------|------------|------------|------------|------------|------------|------------|------------|
c | Conflicts     |          370497 |      12447 |      11702 |      12737 |      10914 |      12292 |      11183 |      11173 |      12343 |      12813 |      11348 |      13147 |      12131 |      11209 |      11956 |      11478 |      12147 |      11863 |      11332 |      10753 |      11720 |      12935 |      10853 |      11576 |      12030 |      11646 |      10598 |      10885 |      10021 |      12614 |      10953 |      10079 |       9619 |
c | Decisions     |         7691994 |      94220 |     257250 |     266818 |     240349 |     211872 |     268126 |     257461 |     305027 |     204140 |     251756 |     226873 |     263046 |     191955 |     242796 |     260579 |     233916 |     214500 |     279677 |     249950 |     266899 |     238442 |     251077 |     258456 |     260845 |     227818 |     274383 |     235503 |     230669 |     202722 |     243659 |     243007 |     238203 |
c | Propagations  |        29488836 |     849283 |     955644 |    1106622 |     869482 |     822506 |     967858 |     980700 |    1093102 |     887528 |     942410 |     911581 |     936362 |     733329 |     989166 |     971307 |     953739 |     889549 |     992916 |     894813 |     952562 |     840317 |     946885 |     993289 |     969558 |     783581 |    1038710 |     850346 |     880211 |     771276 |     963503 |     831323 |     919378 |
c | Avg_Trail     |                 |       3394 |       2855 |       2947 |       2947 |       2863 |       2944 |       2981 |       2961 |       2937 |       3026 |       2993 |       2882 |       2978 |       2960 |       2942 |       2879 |       2943 |       2966 |       2916 |       3034 |       2931 |       2968 |       2865 |       2896 |       2934 |       3017 |       2903 |       3051 |       2885 |       2870 |       2966 |       2919 |
c | Avg_DL        |                 |        274 |        114 |        113 |        120 |        111 |        122 |        126 |        110 |        106 |        109 |        101 |        118 |        107 |        110 |        122 |         99 |        111 |        125 |        122 |        110 |        114 |        113 |        120 |        114 |        126 |        121 |        119 |        121 |        105 |        106 |        123 |        123 |
c | Avg_Res       |                 |          0 |          0 |          0 |          0 |          0 |          0 |          0 |          0 |          0 |          0 |          0 |          0 |          0 |          0 |          0 |          0 |          0 |          0 |          0 |          0 |          0 |          0 |          0 |          0 |          0 |          0 |          0 |          0 |          0 |          0 |          0 |          0 |
c | Avg_Res_Seen  |                 |          0 |          0 |          0 |          0 |          0 |          0 |          0 |          0 |          0 |          0 |          0 |          0 |          0 |          0 |          0 |          0 |          0 |          0 |          0 |          0 |          0 |          0 |          0 |          0 |          0 |          0 |          0 |          0 |          0 |          0 |          0 |          0 |
c |---------------|-----------------|------------|------------|------------|------------|------------|------------|------------|------------|------------|------------|------------|------------|------------|------------|------------|------------|------------|------------|------------|------------|------------|------------|------------|------------|------------|------------|------------|------------|------------|------------|------------|------------|
c | Exported      |           31540 |       2008 |        928 |       1136 |        881 |        946 |        902 |        981 |        988 |       1118 |        899 |       1190 |        886 |        906 |       1101 |        844 |       1317 |        999 |        702 |        702 |       1092 |       1208 |        901 |        783 |       1023 |        919 |        810 |       1027 |        847 |       1271 |        867 |        653 |        705 |
c | Imported      |          941385 |      22181 |      30578 |      28488 |      30496 |      30562 |      29988 |      30497 |      30337 |      27085 |      29615 |      29802 |      30479 |      30387 |      30405 |      29051 |      26421 |      30508 |      30696 |      30652 |      30356 |      30084 |      29615 |      30569 |      29357 |      30432 |      30141 |      26335 |      30004 |      28773 |      30063 |      29964 |      27464 |
c | Good          |             484 |         12 |         15 |         15 |         16 |         16 |         16 |         16 |         15 |         14 |         15 |         15 |         16 |         16 |         16 |         14 |         14 |         16 |         16 |         16 |         16 |         15 |         13 |         16 |         15 |         16 |         16 |         15 |         15 |         14 |         15 |         14 |         15 |
c | Purge         |          940901 |      22169 |      30563 |      28473 |      30480 |      30546 |      29972 |      30481 |      30322 |      27071 |      29600 |      29787 |      30463 |      30371 |      30389 |      29037 |      26407 |      30492 |      30680 |      30636 |      30340 |      30069 |      29602 |      30553 |      29342 |      30416 |      30125 |      26320 |      29989 |      28759 |      30048 |      29950 |      27449 |
c | Promoted      |           19959 |        452 |        631 |        667 |        588 |        604 |        606 |        554 |        664 |        785 |        597 |        767 |        647 |        637 |        719 |        580 |        716 |        618 |        571 |        607 |        599 |        585 |        671 |        653 |        583 |        633 |        635 |        581 |        599 |        657 |        735 |        510 |        508 |
c | Remove_Imp    |          129048 |          0 |       7538 |          0 |       9491 |       5206 |       5397 |       6826 |       3507 |          0 |       4816 |       1710 |       2292 |          0 |       4714 |       1670 |       3059 |       6974 |       4418 |       6888 |          0 |          0 |       2510 |       3720 |       5596 |          0 |       4570 |       7966 |       7143 |       2482 |       2565 |       9577 |       8413 |
c | Blocked_Reuse |               0 |          0 |          0 |          0 |          0 |          0 |          0 |          0 |          0 |          0 |          0 |          0 |          0 |          0 |          0 |          0 |          0 |          0 |          0 |          0 |          0 |          0 |          0 |          0 |          0 |          0 |          0 |          0 |          0 |          0 |          0 |          0 |          0 |
c |---------------|-----------------|------------|------------|------------|------------|------------|------------|------------|------------|------------|------------|------------|------------|------------|------------|------------|------------|------------|------------|------------|------------|------------|------------|------------|------------|------------|------------|------------|------------|------------|------------|------------|------------|
c | Unaries       |                 |          0 |          0 |          0 |          0 |          1 |          0 |          0 |          0 |          1 |          0 |          1 |          0 |          1 |          0 |          0 |          0 |          1 |          1 |          0 |          0 |          1 |          0 |          0 |          0 |          1 |          0 |          0 |          0 |          1 |          1 |          0 |          0 |
c | Binaries      |                 |          3 |          1 |          0 |          0 |          0 |          0 |          0 |          1 |          1 |          0 |          1 |          0 |          0 |          0 |          1 |          1 |          0 |          0 |          0 |          0 |          1 |          3 |          0 |          0 |          0 |          0 |          0 |          0 |          1 |          1 |          1 |          0 |
c | Glues         |                 |         78 |         73 |         86 |         46 |         61 |         42 |         33 |         79 |         64 |         66 |         98 |        137 |         44 |         43 |         56 |         63 |         94 |         47 |         28 |         93 |         93 |         85 |         67 |         75 |         41 |         51 |         50 |         29 |         83 |         99 |         77 |         52 |
c |---------------|-----------------|------------|------------|------------|------------|------------|------------|------------|------------|------------|------------|------------|------------|------------|------------|------------|------------|------------|------------|------------|------------|------------|------------|------------|------------|------------|------------|------------|------------|------------|------------|------------|------------|
c | Orig_Seen     |             5 % |      23391 |      24374 |      25583 |      23529 |      25600 |      23447 |      24487 |      26640 |      26215 |      23747 |      25629 |      24385 |      24042 |      23528 |      24309 |      22057 |      25523 |      24399 |      22705 |      24486 |      26380 |      22717 |      24032 |      23600 |      24560 |      23216 |      23380 |      22771 |      25660 |      21947 |      22872 |      20637 |
c | Diff Orig seen|                 | -     2269 | -     1286 | -       77 | -     2131 | -       60 | -     2213 | -     1173 |        980 |        555 | -     1913 | -       31 | -     1275 | -     1618 | -     2132 | -     1351 | -     3603 | -      137 | -     1261 | -     2955 | -     1174 |        720 | -     2943 | -     1628 | -     2060 | -     1100 | -     2444 | -     2280 | -     2889 |      X     | -     3713 | -     2788 | -     5023 |
c | Hamming       |            18 % |        626 |        957 |        558 |       1021 |        665 |        841 |        759 |        705 |       1082 |        803 |        725 |        894 |        902 |        867 |        775 |        665 |        707 |        755 |        939 |        859 |        745 |        447 |        783 |        963 |        717 |        695 |        726 |        798 |      X     |        903 |        815 |        592 |
c |---------------|-----------------|------------|------------|------------|------------|------------|------------|------------|------------|------------|------------|------------|------------|------------|------------|------------|------------|------------|------------|------------|------------|------------|------------|------------|------------|------------|------------|------------|------------|------------|------------|------------|------------|

s SATISFIABLE
c
c This is glucose-syrup 4.0 (glucose in many threads) --  based on MiniSAT (Many thanks to MiniSAT team)
c
c WARNING: for repeatability, setting FPU to use double precision
c ========================================[ Problem Statistics ]===========================================
c |                                                                                                       |
c |  Number of variables:          4621                                                                   |
c |  Number of clauses:          600524                                                                   |
c |  Parse time:                   0.23 s                                                                 |
c |                                                                                                       |
c |  Eliminated clauses:           0.00 Mb                                                                |
c |  Simplification time:          5.15 s                                                                 |
c |                                                                                                       |
c |  Automatic Adjustement of the number of solvers. MaxMemory=20000, MaxCores= 32.                       |
c |  One Solver is taking 74.76Mb... Let's take 32 solvers for this run (max 40% of the maxmemory).       |
c |  Generating clones                                                                                    |
c |  all clones generated. Memory = 1453.23Mb.                                                             |
c ========================================================================================================|
c last restart ## conflicts  :  744 68 
c Thread 29 is 100% pure glucose! First thread to finish! (SAT answer).
c Total Memory so far : 3882.75Mb
c
c real time : 8.53882 s
c cpu time  : 32.523 s
c
c
c
c |---------------------------------------- FINAL STATS --------------------------------------------------|
c
c |---------------|-----------------|------------|------------|------------|------------|------------|------------|------------|------------|------------|------------|------------|------------|------------|------------|------------|------------|------------|------------|------------|------------|------------|------------|------------|------------|------------|------------|------------|------------|------------|------------|------------|------------|
c | Threads       |      Total      |          0 |          1 |          2 |          3 |          4 |          5 |          6 |          7 |          8 |          9 |         10 |         11 |         12 |         13 |         14 |         15 |         16 |         17 |         18 |         19 |         20 |         21 |         22 |         23 |         24 |         25 |         26 |         27 |         28 |         29 |         30 |         31 |
c |---------------|-----------------|------------|------------|------------|------------|------------|------------|------------|------------|------------|------------|------------|------------|------------|------------|------------|------------|------------|------------|------------|------------|------------|------------|------------|------------|------------|------------|------------|------------|------------|------------|------------|------------|
c | Conflicts     |          371527 |      10951 |      12262 |      11836 |      13319 |      13635 |      12045 |      11637 |       9527 |      10052 |      13083 |      11227 |      10938 |      11495 |      12432 |      12016 |      11075 |      11944 |      13295 |      10635 |      12094 |      12400 |      10652 |      11051 |      11881 |      11733 |      11033 |      11970 |      12524 |      11191 |      11104 |      10298 |      10192 |
c | Decisions     |         5508256 |     232792 |     160675 |     173692 |     148968 |     218575 |     180976 |     178271 |     158077 |     214483 |     163096 |     131033 |     131639 |     178070 |     138737 |     187081 |     150812 |     221867 |     162515 |     184183 |     140605 |     193888 |     153471 |     202175 |     220141 |     180661 |     150158 |     171367 |     146507 |     173781 |     131087 |     186491 |     142382 |
c | Propagations  |        21227281 |     796467 |     681285 |     676201 |     635034 |     722871 |     703557 |     696992 |     610197 |     674229 |     635995 |     551706 |     484486 |     601176 |     612232 |     683961 |     564707 |     850409 |     721667 |     653580 |     627125 |     798173 |     644325 |     849937 |     722514 |     606639 |     637396 |     743620 |     618208 |     614057 |     569726 |     681637 |     557172 |
c | Avg_Trail     |                 |       2959 |       3429 |       3475 |       3239 |       3223 |       3442 |       3374 |       3788 |       3162 |       3278 |       3347 |       3458 |       3142 |       3387 |       3344 |       3585 |       3205 |       3522 |       3406 |       3414 |       3094 |       3412 |       3381 |       3368 |       3141 |       3704 |       3468 |       3189 |       3202 |       3347 |       3307 |       3502 |
c | Avg_DL        |                 |        276 |        253 |        257 |        238 |        233 |        264 |        269 |        301 |        284 |        237 |        267 |        275 |        243 |        254 |        261 |        281 |        263 |        231 |        289 |        252 |        224 |        274 |        279 |        270 |        259 |        274 |        261 |        238 |        268 |        265 |        288 |        282 |
c | Avg_Res       |                 |          0 |          0 |          0 |          0 |          0 |          0 |          0 |          0 |          0 |          0 |          0 |          0 |          0 |          0 |          0 |          0 |          0 |          0 |          0 |          0 |          0 |          0 |          0 |          0 |          0 |          0 |          0 |          0 |          0 |          0 |          0 |          0 |
c | Avg_Res_Seen  |                 |          0 |          0 |          0 |          0 |          0 |          0 |          0 |          0 |          0 |          0 |          0 |          0 |          0 |          0 |          0 |          0 |          0 |          0 |          0 |          0 |          0 |          0 |          0 |          0 |          0 |          0 |          0 |          0 |          0 |          0 |          0 |          0 |
c |---------------|-----------------|------------|------------|------------|------------|------------|------------|------------|------------|------------|------------|------------|------------|------------|------------|------------|------------|------------|------------|------------|------------|------------|------------|------------|------------|------------|------------|------------|------------|------------|------------|------------|------------|
c | Exported      |           41810 |       1047 |       1496 |       1511 |       1795 |       1897 |       1276 |       1250 |        897 |        864 |       1710 |       1090 |       1251 |       1536 |       1513 |       1371 |       1192 |       1041 |       1941 |        942 |       1481 |       1821 |       1116 |       1077 |       1199 |       1083 |       1191 |       1273 |       1872 |       1157 |       1204 |        854 |        862 |
c | Imported      |         1264163 |      39501 |      40314 |      40299 |      39225 |      39791 |      38351 |      40560 |      39317 |      40896 |      40100 |      38103 |      40348 |      40274 |      40297 |      40439 |      40618 |      40769 |      39869 |      40697 |      36582 |      38519 |      37667 |      36712 |      38236 |      39124 |      40619 |      40039 |      39651 |      40653 |      37570 |      40132 |      38891 |
c | Good          |             992 |         32 |         29 |         31 |         31 |         32 |         30 |         31 |         32 |         31 |         31 |         31 |         31 |         32 |         31 |         32 |         32 |         32 |         30 |         30 |         31 |         30 |         29 |         31 |         30 |         32 |         31 |         30 |         30 |         32 |         31 |         32 |         32 |
c | Purge         |         1263171 |      39469 |      40285 |      40268 |      39194 |      39759 |      38321 |      40529 |      39285 |      40865 |      40069 |      38072 |      40317 |      40242 |      40266 |      40407 |      40586 |      40737 |      39839 |      40667 |      36551 |      38489 |      37638 |      36681 |      38206 |      39092 |      40588 |      40009 |      39621 |      40621 |      37539 |      40100 |      38859 |
c | Promoted      |           14331 |        463 |        555 |        423 |        502 |        550 |        396 |        486 |        315 |        384 |        558 |        432 |        516 |        372 |        436 |        465 |        448 |        444 |        368 |        428 |        493 |        358 |        470 |        393 |        434 |        536 |        431 |        479 |        511 |        478 |        412 |        406 |        389 |
c | Remove_Imp    |          195625 |      10610 |       1771 |       8511 |       7984 |          0 |       7196 |       1114 |      10434 |      10465 |        957 |       9347 |       5478 |       8185 |       3547 |      10207 |       5915 |          0 |       2048 |       8863 |       8505 |          0 |       9628 |      10339 |       8465 |       2189 |       1076 |       7987 |        958 |        790 |      10311 |      11279 |      11466 |
c | Blocked_Reuse |               0 |          0 |          0 |          0 |          0 |          0 |          0 |          0 |          0 |          0 |          0 |          0 |          0 |          0 |          0 |          0 |          0 |          0 |          0 |          0 |          0 |          0 |          0 |          0 |          0 |          0 |          0 |          0 |          0 |          0 |          0 |          0 |          0 |
c |---------------|-----------------|------------|------------|------------|------------|------------|------------|------------|------------|------------|------------|------------|------------|------------|------------|------------|------------|------------|------------|------------|------------|------------|------------|------------|------------|------------|------------|------------|------------|------------|------------|------------|------------|
c | Unaries       |                 |          0 |          0 |          0 |          1 |          0 |          0 |          0 |          0 |          0 |          0 |          0 |          0 |          0 |          0 |          0 |          0 |          0 |          0 |          0 |          0 |          0 |          0 |          0 |          0 |          0 |          0 |          0 |          0 |          0 |          0 |          0 |          0 |
c | Binaries      |                 |          0 |          3 |          1 |          1 |          0 |          2 |          1 |          0 |          1 |          1 |          1 |          1 |          0 |          1 |          0 |          0 |          0 |          2 |          2 |          1 |          2 |          3 |          1 |          2 |          0 |          1 |          2 |          2 |          0 |          1 |          0 |          0 |
c | Glues         |                 |         61 |         69 |         42 |         81 |        101 |         56 |         54 |          9 |         89 |        154 |         31 |         43 |        106 |         51 |         26 |         20 |         23 |         69 |         26 |         40 |         59 |         54 |         39 |         42 |         35 |         27 |         54 |        121 |         28 |         44 |         51 |         20 |
c |---------------|-----------------|------------|------------|------------|------------|------------|------------|------------|------------|------------|------------|------------|------------|------------|------------|------------|------------|------------|------------|------------|------------|------------|------------|------------|------------|------------|------------|------------|------------|------------|------------|------------|------------|
c | Orig_Seen     |             4 % |      22732 |      28179 |      26328 |      28338 |      28396 |      28857 |      27080 |      23977 |      21282 |      27858 |      25489 |      25230 |      23490 |      28050 |      27531 |      26350 |      25951 |      29024 |      24979 |      28215 |      24232 |      25264 |      25836 |      27937 |      25651 |      28175 |      28459 |      25683 |      24678 |      24917 |      23352 |      24780 |
c | Diff Orig seen|                 | -     2185 |       3262 |       1411 |       3421 |       3479 |       3940 |       2163 | -      940 | -     3635 |       2941 |        572 |        313 | -     1427 |       3133 |       2614 |       1433 |       1034 |       4107 |         62 |       3298 | -      685 |        347 |        919 |       3020 |        734 |       3258 |       3542 |        766 | -      239 |      X     | -     1565 | -      137 |
c | Hamming       |            20 % |       1123 |        817 |       1281 |        847 |       1008 |       1046 |        813 |        972 |        997 |        833 |       1098 |       1080 |        820 |        857 |       1015 |       1028 |        972 |       1058 |       1122 |        735 |       1015 |        782 |        655 |       1243 |        931 |       1067 |       1004 |        852 |        903 |      X     |        730 |        898 |
c |---------------|-----------------|------------|------------|------------|------------|------------|------------|------------|------------|------------|------------|------------|------------|------------|------------|------------|------------|------------|------------|------------|------------|------------|------------|------------|------------|------------|------------|------------|------------|------------|------------|------------|------------|

s SATISFIABLE
c
c This is glucose-syrup 4.0 (glucose in many threads) --  based on MiniSAT (Many thanks to MiniSAT team)
c
c WARNING: for repeatability, setting FPU to use double precision
c ========================================[ Problem Statistics ]===========================================
c |                                                                                                       |
c |  Number of variables:           356                                                                   |
c |  Number of clauses:           16895                                                                   |
c |  Parse time:                   0.01 s                                                                 |
c |                                                                                                       |
c |  Eliminated clauses:           0.00 Mb                                                                |
c |  Simplification time:          0.07 s                                                                 |
c |                                                                                                       |
c |  Automatic Adjustement of the number of solvers. MaxMemory=20000, MaxCores= 32.                       |
c |  One Solver is taking 14.89Mb... Let's take 32 solvers for this run (max 40% of the maxmemory).       |
c |  Generating clones                                                                                    |
c |  all clones generated. Memory =  65.21Mb.                                                             |
c ========================================================================================================|
c Thread 25 is 100% pure glucose! First thread to finish! (UNSAT answer).
c Total Memory so far : 2215.95Mb
c
c real time : 3.84167 s
c cpu time  : 28.347 s
c
c
c
c |---------------------------------------- FINAL STATS --------------------------------------------------|
c
c |---------------|-----------------|------------|------------|------------|------------|------------|------------|------------|------------|------------|------------|------------|------------|------------|------------|------------|------------|------------|------------|------------|------------|------------|------------|------------|------------|------------|------------|------------|------------|------------|------------|------------|------------|
c | Threads       |      Total      |          0 |          1 |          2 |          3 |          4 |          5 |          6 |          7 |          8 |          9 |         10 |         11 |         12 |         13 |         14 |         15 |         16 |         17 |         18 |         19 |         20 |         21 |         22 |         23 |         24 |         25 |         26 |         27 |         28 |         29 |         30 |         31 |
c |---------------|-----------------|------------|------------|------------|------------|------------|------------|------------|------------|------------|------------|------------|------------|------------|------------|------------|------------|------------|------------|------------|------------|------------|------------|------------|------------|------------|------------|------------|------------|------------|------------|------------|------------|
c | Conflicts     |          998013 |      30738 |      28488 |      33386 |      26021 |      29854 |      33680 |      38334 |      41232 |      37615 |      35324 |      29368 |      31481 |      36411 |      30212 |      45230 |      26219 |      30684 |      26077 |      31348 |      27458 |      26242 |      27797 |      32381 |      30789 |      25638 |      26863 |      22765 |      31012 |      32895 |      32231 |      27360 |      32880 |
c | Decisions     |         1691164 |      53267 |      50759 |      59059 |      46461 |      50075 |      56969 |      63073 |      70017 |      63174 |      59839 |      51150 |      54759 |      58035 |      49449 |      74225 |      44779 |      50942 |      44628 |      52560 |      46467 |      46319 |      46923 |      55299 |      52276 |      43304 |      45115 |      39662 |      52051 |      54792 |      55073 |      44402 |      56261 |
c | Propagations  |        17856750 |     527973 |     486810 |     594906 |     437771 |     524576 |     652198 |     686752 |     769721 |     657690 |     619737 |     507645 |     556793 |     669453 |     563008 |     814996 |     502438 |     512418 |     461120 |     564707 |     496591 |     436125 |     492433 |     577543 |     558268 |     451534 |     486161 |     396046 |     578035 |     607712 |     578992 |     495540 |     591058 |
c | Avg_Trail     |                 |        215 |        231 |        225 |        223 |        221 |        224 |        221 |        220 |        222 |        220 |        226 |        217 |        218 |        217 |        223 |        222 |        225 |        212 |        217 |        216 |        223 |        224 |        223 |        222 |        222 |        218 |        223 |        219 |        227 |        221 |        210 |        215 |
c | Avg_DL        |                 |         23 |         27 |         24 |         28 |         21 |         22 |         22 |         23 |         24 |         23 |         24 |         23 |         21 |         21 |         23 |         23 |         25 |         21 |         25 |         21 |         25 |         22 |         23 |         22 |         24 |         21 |         24 |         20 |         24 |         23 |         19 |         22 |
c | Avg_Res       |                 |          0 |          0 |          0 |          0 |          0 |          0 |          0 |          0 |          0 |          0 |          0 |          0 |          0 |          0 |          0 |          0 |          0 |          0 |          0 |          0 |          0 |          0 |          0 |          0 |          0 |          0 |          0 |          0 |          0 |          0 |          0 |          0 |
c | Avg_Res_Seen  |                 |          0 |          0 |          0 |          0 |          0 |          0 |          0 |          0 |          0 |          0 |          0 |          0 |          0 |          0 |          0 |          0 |          0 |          0 |          0 |          0 |          0 |          0 |          0 |          0 |          0 |          0 |          0 |          0 |          0 |          0 |          0 |          0 |
c |---------------|-----------------|------------|------------|------------|------------|------------|------------|------------|------------|------------|------------|------------|------------|------------|------------|------------|------------|------------|------------|------------|------------|------------|------------|------------|------------|------------|------------|------------|------------|------------|------------|------------|------------|
c | Exported      |          190316 |       5893 |       5228 |       6741 |       5332 |       6266 |       6740 |       7411 |       7906 |       8314 |       6044 |       5893 |       6220 |       6988 |       5344 |       7594 |       5011 |       6824 |       4655 |       5994 |       4683 |       5221 |       4929 |       5658 |       5744 |       4744 |       4635 |       4238 |       5081 |       7037 |       5687 |       5995 |       6266 |
c | Imported      |         5806391 |     180152 |     185088 |     183575 |     184984 |     184050 |     183576 |     177865 |     182410 |     182002 |     184272 |     184423 |     172803 |     162558 |     184972 |     157026 |     185305 |     183492 |     185661 |     177063 |     185633 |     185095 |     185387 |     172716 |     184572 |     185572 |     185681 |     186078 |     185235 |     183279 |     177495 |     184321 |     184050 |
c | Good          |            7742 |        204 |        258 |        261 |        261 |        258 |        262 |        202 |        251 |        261 |        264 |        263 |        195 |        173 |        256 |        161 |        261 |        266 |        248 |        208 |        263 |        262 |        250 |        195 |        254 |        259 |        248 |        266 |        244 |        263 |        211 |        253 |        261 |
c | Purge         |         5798649 |     179948 |     184830 |     183314 |     184723 |     183792 |     183314 |     177663 |     182159 |     181741 |     184008 |     184160 |     172608 |     162385 |     184716 |     156865 |     185044 |     183226 |     185413 |     176855 |     185370 |     184833 |     185137 |     172521 |     184318 |     185313 |     185433 |     185812 |     184991 |     183016 |     177284 |     184068 |     183789 |
c | Promoted      |          173577 |       5926 |       4726 |       6375 |       5361 |       5617 |       4865 |       6076 |       5185 |       5513 |       6045 |       5130 |       6375 |       6075 |       4458 |       6623 |       4123 |       4688 |       5488 |       6095 |       5486 |       3769 |       5617 |       5737 |       6233 |       3797 |       4813 |       4821 |       5854 |       5459 |       6209 |       4119 |       6919 |
c | Remove_Imp    |         4216286 |     124555 |     141400 |     106705 |     151136 |     136610 |     144950 |     117122 |     122054 |     119703 |     115701 |     137683 |     140745 |     141827 |     139736 |     136634 |     137439 |     127181 |     152595 |     119506 |     158927 |     153415 |     138997 |     143310 |     138872 |     114511 |     151471 |      96164 |     119719 |     104667 |     125418 |     130145 |     127388 |
c | Blocked_Reuse |               0 |          0 |          0 |          0 |          0 |          0 |          0 |          0 |          0 |          0 |          0 |          0 |          0 |          0 |          0 |          0 |          0 |          0 |          0 |          0 |          0 |          0 |          0 |          0 |          0 |          0 |          0 |          0 |          0 |          0 |          0 |          0 |          0 |
c |---------------|-----------------|------------|------------|------------|------------|------------|------------|------------|------------|------------|------------|------------|------------|------------|------------|------------|------------|------------|------------|------------|------------|------------|------------|------------|------------|------------|------------|------------|------------|------------|------------|------------|------------|
c | Unaries       |                 |          1 |          1 |          3 |          0 |          1 |          1 |          2 |          2 |          2 |          1 |          1 |          1 |          2 |          2 |          1 |          0 |          1 |          2 |          1 |          0 |          3 |          5 |          1 |          2 |          2 |          5 |          0 |          3 |          0 |          2 |          2 |          0 |
c | Binaries      |                 |         15 |          8 |          5 |          5 |          8 |          4 |         17 |         15 |          5 |          2 |          3 |         11 |          8 |         10 |          7 |          5 |          0 |         18 |          7 |          3 |          4 |         16 |          8 |         12 |          7 |         18 |          0 |         22 |          3 |          2 |         13 |          5 |
c | Glues         |                 |        149 |        126 |        136 |        114 |        127 |        154 |        172 |        155 |        150 |        147 |        116 |        156 |        167 |        155 |        172 |         98 |         75 |        105 |        145 |        112 |        164 |        124 |        157 |        149 |         73 |        162 |        118 |        167 |        127 |         96 |        106 |        173 |
c |---------------|-----------------|------------|------------|------------|------------|------------|------------|------------|------------|------------|------------|------------|------------|------------|------------|------------|------------|------------|------------|------------|------------|------------|------------|------------|------------|------------|------------|------------|------------|------------|------------|------------|------------|
c | Orig_Seen     |            55 % |       9926 |       9762 |      10199 |       9621 |       8595 |       9757 |      10099 |      10323 |      10593 |      10259 |       9749 |       9600 |       9649 |       9000 |      10604 |       8564 |       8992 |       8649 |       9947 |       8414 |       9660 |       9115 |      10112 |       9204 |       8113 |       8583 |       8043 |       8735 |       9157 |       9469 |       7922 |       9238 |
c | Diff Orig seen|                 |       1343 |       1179 |       1616 |       1038 |         12 |       1174 |       1516 |       1740 |       2010 |       1676 |       1166 |       1017 |       1066 |        417 |       2021 | -       19 |        409 |         66 |       1364 | -      169 |       1077 |        532 |       1529 |        621 | -      470 |      X     | -      540 |        152 |        574 |        886 | -      661 |        655 |
c | Hamming       |            22 % |         60 |         84 |         73 |         89 |         85 |         71 |         77 |         84 |         89 |         76 |         80 |         79 |         96 |         69 |         85 |         74 |         72 |         77 |         64 |         70 |         90 |        100 |        104 |         77 |         78 |      X     |         77 |         88 |         87 |         88 |         73 |         68 |
c |---------------|-----------------|------------|------------|------------|------------|------------|------------|------------|------------|------------|------------|------------|------------|------------|------------|------------|------------|------------|------------|------------|------------|------------|------------|------------|------------|------------|------------|------------|------------|------------|------------|------------|------------|

s UNSATISFIABLE
c
c This is glucose-syrup 4.0 (glucose in many threads) --  based on MiniSAT (Many thanks to MiniSAT team)
c
c WARNING: for repeatability, setting FPU to use double precision
c ========================================[ Problem Statistics ]===========================================
c |                                                                                                       |
c |  Number of variables:           401                                                                   |
c |  Number of clauses:           22972                                                                   |
c |  Parse time:                   0.01 s                                                                 |
c |                                                                                                       |
c |  Eliminated clauses:           0.00 Mb                                                                |
c |  Simplification time:          0.11 s                                                                 |
c |                                                                                                       |
c |  Automatic Adjustement of the number of solvers. MaxMemory=20000, MaxCores= 32.                       |
c |  One Solver is taking 15.76Mb... Let's take 32 solvers for this run (max 40% of the maxmemory).       |
c |  Generating clones                                                                                    |
c |  all clones generated. Memory =  82.34Mb.                                                             |
c ========================================================================================================|
c
c |-------------------------------------------------------------------------------------------------------|
c | id | starts | decisions  |  confls    |  Init T  |  learnts | exported | imported | promoted |    %   | 
c |-------------------------------------------------------------------------------------------------------|
c |  0 |     79 |      71799 |      35068 |    14259 |    18859 |     7340 |   225086 |     5966 | 18.704 |
c |  1 |     75 |      71977 |      37543 |    14265 |    11459 |     7355 |   218729 |     5771 | 18.713 |
c |  2 |    108 |      85291 |      42423 |    15178 |    16327 |     8388 |   221379 |     6548 | 18.704 |
c |  3 |     71 |      71312 |      36612 |    13465 |    10531 |     6880 |   222052 |     4910 | 18.703 |
c |  4 |     85 |      72102 |      36000 |    14517 |     9909 |     7304 |   224698 |     6386 | 18.704 |
c |  5 |     87 |      73663 |      36373 |    14768 |    10287 |     6832 |   221331 |     5876 | 18.703 |
c |  6 |     80 |      66271 |      35144 |    13470 |    18952 |     6725 |   225784 |     5633 | 18.703 |
c |  7 |     83 |      74876 |      36027 |    14574 |     9937 |     7171 |   218645 |     5823 | 18.703 |
c |  8 |    114 |      74326 |      36880 |    14693 |    10765 |     7456 |   222877 |     5574 | 18.703 |
c |  9 |     77 |      73865 |      38199 |    14223 |    12102 |     8149 |   220256 |     3664 | 18.703 |
c | 10 |     74 |      73784 |      36900 |    13906 |    10821 |     7962 |   214347 |     6336 | 18.703 |
c | 11 |     88 |      76237 |      37886 |    14322 |    11797 |     7239 |   224144 |     6158 | 18.703 |
c | 12 |     90 |      81501 |      40729 |    14583 |    14612 |     8587 |   223419 |     6161 | 18.703 |
c | 13 |     78 |      64612 |      31739 |    13571 |    15553 |     6242 |   225031 |     5207 | 18.703 |
c | 14 |     97 |      77078 |      38547 |    14601 |    12458 |     7357 |   224697 |     5729 | 18.703 |
c | 15 |     76 |      67391 |      32926 |    13682 |    16736 |     6803 |   223626 |     5559 | 18.703 |
c | 16 |     94 |      77899 |      38838 |    15099 |    12754 |     8068 |   222328 |     4798 | 18.703 |
c | 17 |     60 |      77836 |      42086 |    14088 |    15996 |     8691 |   212322 |     5809 | 18.703 |
c | 18 |    100 |      80026 |      39317 |    14436 |    13172 |     7596 |   224408 |     6357 | 18.703 |
c | 19 |     64 |      64719 |      34323 |    13233 |    18136 |     6681 |   225821 |     5429 | 18.703 |
c | 20 |     70 |      69865 |      36000 |    14414 |     9897 |     7442 |   224557 |     4448 | 18.708 |
c | 21 |     85 |      70931 |      34815 |    13793 |    18627 |     7154 |   225107 |     5516 | 18.704 |
c | 22 |     55 |      66817 |      33835 |    13499 |    17658 |     5982 |   224976 |     5634 | 18.703 |
c | 23 |     75 |      74678 |      37758 |    14303 |    11668 |     7988 |   223938 |     5509 | 18.703 |
c | 24 |     68 |      64391 |      33145 |    12666 |    16951 |     6098 |   225913 |     5030 | 18.703 |
c | 25 |     71 |      67120 |      34130 |    13985 |    17912 |     6816 |   225667 |     5484 | 18.704 |
c | 26 |     81 |      79026 |      40292 |    14950 |    14203 |     8012 |   224344 |     5548 | 18.713 |
c | 27 |     83 |      75753 |      39136 |    14304 |    13048 |     7359 |   223996 |     5902 | 18.703 |
c | 28 |     78 |      74362 |      37002 |    14021 |    10914 |     7054 |   211605 |     5373 | 18.703 |
c | 29 |     61 |      69198 |      35229 |    13203 |    19038 |     7480 |   225058 |     5508 | 18.704 |
c | 30 |     85 |      72709 |      36280 |    14296 |    10183 |     6754 |   222674 |     5612 | 18.703 |
c | 31 |     95 |      66677 |      31205 |    13936 |    15018 |     5675 |   225831 |     4917 | 18.704 |
c 
c synthesis     1172391 conflicts    18140626 propagations    35420 conflicts/sec   548060 propagations/sec
c Total Memory so far : 2274.38Mb
c
c |-------------------------------------------------------------------------------------------------------|
c | id | starts | decisions  |  confls    |  Init T  |  learnts | exported | imported | promoted |    %   | 
c |-------------------------------------------------------------------------------------------------------|
c |  0 |    173 |     155480 |      91485 |    15281 |    18239 |    14134 |   423015 |    16746 | 27.681 |
c |  1 |    211 |     143034 |      83760 |    15163 |    27978 |    12767 |   422127 |    15920 | 27.681 |
c |  2 |    184 |     164296 |      97370 |    15839 |    24787 |    16001 |   425409 |    16708 | 27.682 |
c |  3 |    207 |     157898 |      94829 |    15090 |    22716 |    14189 |   425809 |    15658 | 27.681 |
c |  4 |    168 |     147883 |      87092 |    15489 |    31188 |    13099 |   419136 |    16496 | 27.681 |
c |  5 |    200 |     165517 |      99685 |    15696 |    26907 |    15613 |   418675 |    16828 | 27.682 |
c |  6 |    235 |     147729 |      88879 |    14905 |    16894 |    12594 |   427400 |    16355 | 27.681 |
c |  7 |    197 |     161709 |      94892 |    15721 |    23460 |    14888 |   422602 |    15719 | 27.681 |
c |  8 |    298 |     165561 |      96394 |    15693 |    24436 |    14417 |   426711 |    16764 | 27.681 |
c |  9 |    196 |     143026 |      82802 |    15323 |    27298 |    13355 |   426482 |    13786 | 27.681 |
c | 10 |    194 |     154237 |      92353 |    14892 |    19974 |    14561 |   394794 |    16837 | 27.681 |
c | 11 |    231 |     151326 |      87474 |    15249 |    30669 |    13059 |   423295 |    16927 | 27.681 |
c | 12 |    126 |     148694 |      88801 |    15324 |    15355 |    14100 |   388461 |    14363 | 27.697 |
c | 13 |    189 |     134359 |      77776 |    14860 |    22660 |    12439 |   428952 |    15419 | 27.681 |
c | 14 |    214 |     158892 |      92934 |    15735 |    20429 |    13787 |   424844 |    17187 | 27.681 |
c | 15 |    238 |     150513 |      86322 |    15229 |    31470 |    13661 |   427677 |    16774 | 27.681 |
c | 16 |    229 |     153480 |      87632 |    16008 |    32900 |    14353 |   419844 |    15841 | 27.682 |
c | 17 |    156 |     137594 |      81485 |    14858 |    25773 |    13527 |   426808 |    14960 | 27.681 |
c | 18 |    223 |     152838 |      87485 |    15447 |    31806 |    12947 |   427712 |    17138 | 27.681 |
c | 19 |    167 |     141834 |      86647 |    14405 |    31491 |    14832 |   426325 |    15013 | 27.681 |
c | 20 |    189 |     151328 |      91303 |    15411 |    18289 |    13556 |   422869 |    15025 | 27.683 |
c | 21 |    211 |     154224 |      91256 |    15002 |    19457 |    13983 |   414074 |    16018 | 27.683 |
c | 22 |    189 |     153152 |      92973 |    14858 |    21493 |    14192 |   378414 |    15269 | 27.687 |
c | 23 |    165 |     145027 |      85808 |    15145 |    30025 |    14580 |   423196 |    15680 | 27.688 |
c | 24 |    201 |     155877 |      94371 |    14374 |    21691 |    15240 |   419296 |    15735 | 27.432 |
c | 25 |    243 |     158015 |      93316 |    15364 |    21250 |    13478 |   425831 |    17226 | 27.682 |
c | 26 |    204 |     161063 |      96054 |    15719 |    23771 |    15207 |   426265 |    16536 | 27.683 |
c | 27 |    194 |     147109 |      87331 |    15081 |    32753 |    12808 |   428627 |    14953 | 27.681 |
c | 28 |    133 |     132329 |      76815 |    15026 |    22070 |    12888 |   425956 |    14790 | 27.681 |
c | 29 |    175 |     151100 |      90117 |    14496 |    17005 |    13376 |   423439 |    14520 | 27.681 |
c | 30 |    211 |     148720 |      86979 |    15275 |    30206 |    11750 |   428379 |    16415 | 27.681 |
c | 31 |    234 |     151320 |      88506 |    14962 |    32890 |    12240 |   426233 |    15543 | 27.681 |
c 
c synthesis     2860959 conflicts    59386657 propagations    23767 conflicts/sec   493341 propagations/sec
c Total Memory so far : 2274.38Mb
c
c Try to adapt solver strategies
c 
c Nothing extreme in this problem, continue with glucose default strategies.
c
c
c Try to adapt solver strategies
c 
c Nothing extreme in this problem, continue with glucose default strategies.
c
c
c Try to adapt solver strategies
c 
c Nothing extreme in this problem, continue with glucose default strategies.
c
c
c Try to adapt solver strategies
c 
c Nothing extreme in this problem, continue with glucose default strategies.
c
c
c Try to adapt solver strategies
c 
c Nothing extreme in this problem, continue with glucose default strategies.
c
c
c Try to adapt solver strategies
c 
c Nothing extreme in this problem, continue with glucose default strategies.
c
c
c Try to adapt solver strategies
c 
c Nothing extreme in this problem, continue with glucose default strategies.
c
c
c Try to adapt solver strategies
c 
c Nothing extreme in this problem, continue with glucose default strategies.
c
c
c Try to adapt solver strategies
c 
c Nothing extreme in this problem, continue with glucose default strategies.
c
c
c Try to adapt solver strategies
c 
c Nothing extreme in this problem, continue with glucose default strategies.
c
c
c Try to adapt solver strategies
c 
c Nothing extreme in this problem, continue with glucose default strategies.
c
c
c Try to adapt solver strategies
c 
c Nothing extreme in this problem, continue with glucose default strategies.
c
c
c Try to adapt solver strategies
c 
c Nothing extreme in this problem, continue with glucose default strategies.
c
c
c Try to adapt solver strategies
c 
c Nothing extreme in this problem, continue with glucose default strategies.
c
c
c Try to adapt solver strategies
c 
c Nothing extreme in this problem, continue with glucose default strategies.
c
c
c Try to adapt solver strategies
c 
c Nothing extreme in this problem, continue with glucose default strategies.
c
c Thread 11 is 100% pure glucose! First thread to finish! (UNSAT answer).
c Total Memory so far : 2286.77Mb
c
c real time : 11.3777 s
c cpu time  : 192.958 s
c
c
c
c |---------------------------------------- FINAL STATS --------------------------------------------------|
c
c |---------------|-----------------|------------|------------|------------|------------|------------|------------|------------|------------|------------|------------|------------|------------|------------|------------|------------|------------|------------|------------|------------|------------|------------|------------|------------|------------|------------|------------|------------|------------|------------|------------|------------|------------|
c | Threads       |      Total      |          0 |          1 |          2 |          3 |          4 |          5 |          6 |          7 |          8 |          9 |         10 |         11 |         12 |         13 |         14 |         15 |         16 |         17 |         18 |         19 |         20 |         21 |         22 |         23 |         24 |         25 |         26 |         27 |         28 |         29 |         30 |         31 |
c |---------------|-----------------|------------|------------|------------|------------|------------|------------|------------|------------|------------|------------|------------|------------|------------|------------|------------|------------|------------|------------|------------|------------|------------|------------|------------|------------|------------|------------|------------|------------|------------|------------|------------|------------|
c | Conflicts     |         3929234 |     129532 |     111826 |     134192 |     128231 |     114558 |     146272 |     133592 |     131284 |     134364 |     111600 |     125021 |     119850 |     110793 |     105726 |     125953 |     121418 |     116107 |     114699 |     124039 |     120389 |     121796 |     113819 |     115614 |     123758 |     128723 |     135236 |     132874 |     118854 |     118052 |     116586 |     130116 |     114360 |
c | Decisions     |         6232305 |     204894 |     179426 |     211995 |     200092 |     184816 |     224001 |     206503 |     207943 |     213137 |     180326 |     196053 |     194209 |     177823 |     171442 |     202172 |     195575 |     190056 |     180575 |     200701 |     185791 |     190898 |     184204 |     183207 |     194111 |     200215 |     211460 |     208905 |     189060 |     186510 |     186174 |     204383 |     185648 |
c | Propagations  |        89815952 |    3002598 |    2490101 |    3132732 |    2917226 |    2523206 |    3571134 |    3128502 |    3046534 |    3072499 |    2501832 |    2960122 |    2698396 |    2417489 |    2308514 |    2814697 |    2786156 |    2552412 |    2620766 |    2834016 |    2818022 |    2708940 |    2503458 |    2648789 |    2792760 |    3016784 |    3144407 |    2996880 |    2714313 |    2714066 |    2692636 |    3076980 |    2608985 |
c | Avg_Trail     |                 |        247 |        239 |        248 |        242 |        248 |        246 |        245 |        246 |        243 |        246 |        243 |        241 |        239 |        243 |        244 |        246 |        245 |        244 |        246 |        243 |        243 |        246 |        247 |        243 |        241 |        244 |        246 |        247 |        247 |        243 |        247 |        247 |
c | Avg_DL        |                 |         22 |         24 |         24 |         22 |         23 |         22 |         22 |         23 |         22 |         24 |         22 |         23 |         23 |         23 |         23 |         23 |         24 |         22 |         23 |         21 |         22 |         23 |         23 |         23 |         21 |         22 |         23 |         24 |         21 |         23 |         22 |         24 |
c | Avg_Res       |                 |          0 |          0 |          0 |          0 |          0 |          0 |          0 |          0 |          0 |          0 |          0 |          0 |          0 |          0 |          0 |          0 |          0 |          0 |          0 |          0 |          0 |          0 |          0 |          0 |          0 |          0 |          0 |          0 |          0 |          0 |          0 |          0 |
c | Avg_Res_Seen  |                 |          0 |          0 |          0 |          0 |          0 |          0 |          0 |          0 |          0 |          0 |          0 |          0 |          0 |          0 |          0 |          0 |          0 |          0 |          0 |          0 |          0 |          0 |          0 |          0 |          0 |          0 |          0 |          0 |          0 |          0 |          0 |          0 |
c |---------------|-----------------|------------|------------|------------|------------|------------|------------|------------|------------|------------|------------|------------|------------|------------|------------|------------|------------|------------|------------|------------|------------|------------|------------|------------|------------|------------|------------|------------|------------|------------|------------|------------|------------|
c | Exported      |          565029 |      18774 |      15952 |      20976 |      18215 |      16277 |      20627 |      17948 |      18498 |      18778 |      16337 |      18278 |      17905 |      16208 |      15824 |      17381 |      17463 |      17396 |      17307 |      16787 |      18504 |      17406 |      16464 |      16550 |      18671 |      19559 |      19092 |      19506 |      16374 |      17886 |      16117 |      16803 |      15166 |
c | Imported      |        17110179 |     538383 |     505608 |     519628 |     544297 |     548752 |     520331 |     546625 |     537194 |     544473 |     525871 |     520612 |     547121 |     510244 |     541819 |     534905 |     533878 |     523692 |     535404 |     544655 |     538027 |     538689 |     538481 |     548479 |     540695 |     535934 |     539878 |     542805 |     540693 |     532775 |     539673 |     526011 |     524547 |
c | Good          |            8522 |        266 |        196 |        206 |        318 |        370 |        203 |        349 |        270 |        335 |        204 |        206 |        346 |        180 |        290 |        235 |        235 |        212 |        243 |        320 |        273 |        269 |        254 |        363 |        303 |        265 |        290 |        332 |        285 |        226 |        266 |        205 |        207 |
c | Purge         |        17101657 |     538117 |     505412 |     519422 |     543979 |     548382 |     520128 |     546276 |     536924 |     544138 |     525667 |     520406 |     546775 |     510064 |     541529 |     534670 |     533643 |     523480 |     535161 |     544335 |     537754 |     538420 |     538227 |     548116 |     540392 |     535669 |     539588 |     542473 |     540408 |     532549 |     539407 |     525806 |     524340 |
c | Promoted      |          702991 |      23337 |      20850 |      22452 |      22012 |      21989 |      22208 |      22968 |      22598 |      23220 |      19584 |      22867 |      23062 |      20709 |      21455 |      23621 |      22709 |      20641 |      20767 |      23355 |      20333 |      20804 |      21143 |      21237 |      22416 |      22319 |      24841 |      22851 |      20994 |      21966 |      20794 |      22387 |      20502 |
c | Remove_Imp    |        14421259 |     447386 |     456827 |     421354 |     430163 |     483051 |     466740 |     427320 |     423968 |     428401 |     479252 |     456443 |     456948 |     344370 |     421758 |     450649 |     469802 |     475439 |     483498 |     455526 |     470981 |     457735 |     468460 |     476412 |     456519 |     415372 |     428654 |     431847 |     462619 |     472390 |     480994 |     442989 |     477392 |
c | Blocked_Reuse |               0 |          0 |          0 |          0 |          0 |          0 |          0 |          0 |          0 |          0 |          0 |          0 |          0 |          0 |          0 |          0 |          0 |          0 |          0 |          0 |          0 |          0 |          0 |          0 |          0 |          0 |          0 |          0 |          0 |          0 |          0 |          0 |          0 |
c |---------------|-----------------|------------|------------|------------|------------|------------|------------|------------|------------|------------|------------|------------|------------|------------|------------|------------|------------|------------|------------|------------|------------|------------|------------|------------|------------|------------|------------|------------|------------|------------|------------|------------|------------|
c | Unaries       |                 |          3 |          2 |          0 |          3 |          2 |          0 |          2 |          0 |          2 |          1 |          0 |          8 |          2 |          0 |          0 |          1 |          1 |          0 |          1 |          2 |          1 |          2 |          2 |          1 |          0 |          1 |          1 |          2 |          0 |          1 |          2 |          0 |
c | Binaries      |                 |         29 |          4 |          9 |         22 |          9 |         13 |         14 |         10 |         10 |         14 |          6 |         33 |         21 |          7 |         12 |          9 |          5 |          5 |         11 |         13 |         15 |         17 |         16 |          4 |         12 |         10 |          7 |          9 |          8 |         10 |         12 |          3 |
c | Glues         |                 |        239 |        264 |        268 |        286 |        281 |        318 |        321 |        250 |        344 |        247 |        277 |        326 |        240 |        279 |        343 |        299 |        290 |        258 |        301 |        275 |        257 |        252 |        291 |        247 |        287 |        309 |        293 |        336 |        304 |        310 |        263 |        267 |
c |---------------|-----------------|------------|------------|------------|------------|------------|------------|------------|------------|------------|------------|------------|------------|------------|------------|------------|------------|------------|------------|------------|------------|------------|------------|------------|------------|------------|------------|------------|------------|------------|------------|------------|------------|
c | Orig_Seen     |            66 % |      15425 |      15286 |      15987 |      15234 |      15629 |      15808 |      15087 |      15812 |      15806 |      15468 |      15058 |      15390 |      15451 |      15012 |      15871 |      15364 |      16103 |      15012 |      15607 |      14559 |      15539 |      15102 |      14945 |      15305 |      14511 |      15500 |      15869 |      15230 |      15259 |      14674 |      15452 |      15074 |
c | Diff Orig seen|                 |         35 | -      104 |        597 | -      156 |        239 |        418 | -      303 |        422 |        416 |         78 | -      332 |      X     |         61 | -      378 |        481 | -       26 |        713 | -      378 |        217 | -      831 |        149 | -      288 | -      445 | -       85 | -      879 |        110 |        479 | -      160 | -      131 | -      716 |         62 | -      316 |
c | Hamming       |            19 % |         68 |        101 |         80 |         67 |         78 |         77 |        100 |        103 |         75 |         78 |         86 |      X     |         87 |         71 |         62 |         70 |         87 |         78 |         62 |         67 |         78 |         71 |         70 |         70 |         88 |         66 |         60 |         79 |         78 |         90 |         88 |         77 |
c |---------------|-----------------|------------|------------|------------|------------|------------|------------|------------|------------|------------|------------|------------|------------|------------|------------|------------|------------|------------|------------|------------|------------|------------|------------|------------|------------|------------|------------|------------|------------|------------|------------|------------|------------|

s UNSATISFIABLE
